<?xml version="1.0" encoding="UTF-8"?>
<testsuite name="co.habi.phptravels.runners.CreateCategorieRunner" tests="0" skipped="0" failures="0" errors="0" timestamp="1970-01-01T00:00:00" hostname="Latitude-3410" time="0.0">
  <properties/>
  <system-out><![CDATA[
1 Scenarios (?[32m1 passed?[0m)
7 Steps (?[32m7 passed?[0m)
0m27,088s

]]></system-out>
  <system-err><![CDATA[[Test worker] INFO  - Test Suite Started: Login to the phptravels page
[Test worker] INFO  - 
 _____ _____ ____ _____   ____ _____  _    ____ _____ _____ ____  
|_   _| ____/ ___|_   _| / ___|_   _|/ \  |  _ \_   _| ____|  _ \ 
  | | |  _| \___ \ | |   \___ \ | | / _ \ | |_) || | |  _| | | | |
  | | | |___ ___) || |    ___) || |/ ___ \|  _ < | | | |___| |_| |
  |_| |_____|____/ |_|   |____/ |_/_/   \_\_| \_\|_| |_____|____/ 

Create categorie(login-to-the-phptravels-page;create-categorie)
-------------------------------------------------------------------
]]></system-err>
</testsuite>
